<?xml version="1.0" encoding="UTF-8"?>
<!-- Generated by org.testng.reporters.JUnitReportReporter -->
<testsuite hostname="CL3085926W2" failures="0" tests="4" name="runners.MainRunner" time="233.889" errors="0" timestamp="2022-08-09T18:09:28 CLT" skipped="0">
  <testcase classname="runners.MainRunner" name="runScenario" time="57.548"/>
  <system-out/>
  <testcase classname="runners.MainRunner" name="runScenario" time="57.751"/>
  <system-out/>
  <testcase classname="runners.MainRunner" name="runScenario" time="59.240"/>
  <system-out/>
  <testcase classname="runners.MainRunner" name="runScenario" time="59.350"/>
  <system-out/>
</testsuite> <!-- runners.MainRunner -->
